<?xml version="1.0" encoding="UTF-8"?>
<!-- Generated by org.testng.reporters.JUnitReportReporter -->
<testsuite hostname="Navichinna" failures="0" tests="3" name="com.Tdd.framework.TestPopulationSearch" time="0.013" errors="0" timestamp="2023-10-12T17:26:34 IST" skipped="0">
  <testcase classname="com.Tdd.framework.TestPopulationSearch" name="findpopulation" time="0.011"/>
  <system-out/>
  <testcase classname="com.Tdd.framework.TestPopulationSearch" name="findpopulationEmptyInput" time="0.001"/>
  <system-out/>
  <testcase classname="com.Tdd.framework.TestPopulationSearch" name="findpopulationInvalidInput" time="0.001"/>
  <system-out/>
</testsuite> <!-- com.Tdd.framework.TestPopulationSearch -->
