<?xml version="1.0" encoding="UTF-8"?>
<!-- Generated by org.testng.reporters.JUnitReportReporter -->
<testsuite hostname="Navichinna" failures="0" tests="1" name="com.Tdd.framework.TestUsername" time="0.014" errors="0" timestamp="2023-10-12T17:26:49 IST" skipped="0">
  <testcase classname="com.Tdd.framework.TestUsername" name="UsernameTest" time="0.014"/>
  <system-out/>
</testsuite> <!-- com.Tdd.framework.TestUsername -->
